<?xml version="1.0" encoding="UTF-8"?>
<testsuite name="com.onlineStoreMobile.ServerTest" tests="1" skipped="0" failures="0" errors="0" timestamp="2026-09-14T18:36:32.771Z" hostname="codespaces-8d810a" time="2.439">
  <properties/>
  <testcase name="test root endpoint()" classname="com.onlineStoreMobile.ServerTest" time="2.416"/>
  <system-out><![CDATA[2026-09-14 18:36:34.504 [DefaultDispatcher-worker-1 @call-context#3] INFO  io.ktor.test - No ktor.deployment.watch patterns specified, automatic reload is not active.
2026-09-14 18:36:34.624 [DefaultDispatcher-worker-1 @coroutine#4] INFO  io.ktor.test - Using embedded H2 database for testing; replace this flag to use postgres
2026-09-14 18:36:35.010 [DefaultDispatcher-worker-1 @call-context#3] INFO  io.ktor.test - Application started in 0.527 seconds.
2026-09-14 18:36:35.016 [DefaultDispatcher-worker-3 @coroutine#5] INFO  io.ktor.test - Responding at http://localhost:80
2026-09-14 18:36:35.019 [DefaultDispatcher-worker-3 @coroutine#5] INFO  io.ktor.test - Responding at https://localhost:443
]]></system-out>
  <system-err><![CDATA[]]></system-err>
</testsuite>
